<?xml version="1.0" encoding="UTF-8"?>
<!-- Generated by org.testng.reporters.JUnitXMLReporter -->
<testsuite ignored="0" hostname="MSI" failures="0" tests="3" name="Default test" time="5.614" errors="0" timestamp="30 thg 7 2022 03:45:08 GMT">
  <testcase classname="webdriver.Topic_01_Setup_Enviroment" name="TC_01_ValidateCurrentUrl" time="0.015"/>
  <testcase classname="webdriver.Topic_01_Setup_Enviroment" name="TC_02_ValidatePageTitle" time="0.016"/>
  <testcase classname="webdriver.Topic_01_Setup_Enviroment" name="TC_03_LoginFormDisplayed" time="0.077"/>
</testsuite> <!-- Default test -->
