<?xml version="1.0" encoding="UTF-8"?>
<!-- Generated by org.testng.reporters.JUnitXMLReporter -->
<testsuite ignored="0" hostname="MSI" failures="0" tests="16" name="Test" time="0.046" errors="0" timestamp="28 thg 9 2022 09:17:48 GMT">
  <testcase classname="tiki.admin.Shopper_01_Manage_Product" name="Product_01_Create_Product" time="0.005"/>
  <testcase classname="tiki.admin.Shopper_01_Manage_Product" name="Product_02_View_Product" time="0.001"/>
  <testcase classname="tiki.admin.Shopper_01_Manage_Product" name="Product_03_Update_Product" time="0.001"/>
  <testcase classname="tiki.admin.Shopper_01_Manage_Product" name="Product_04_Delete_Product" time="0.001"/>
  <testcase classname="tiki.admin.Shopper_02_Manage_Cart" name="Product_01_Create_Visa" time="0.001"/>
  <testcase classname="tiki.admin.Shopper_02_Manage_Cart" name="Product_02_View_Visa" time="0.0"/>
  <testcase classname="tiki.admin.Shopper_02_Manage_Cart" name="Product_03_Update_Visa" time="0.0"/>
  <testcase classname="tiki.admin.Shopper_02_Manage_Cart" name="Product_04_Delete_Visa" time="0.001"/>
  <testcase classname="tiki.user.User_01_Checkout" name="Ckeckout_01_Add_Product_To_Cart" time="0.0"/>
  <testcase classname="tiki.user.User_01_Checkout" name="Ckeckout_02_View_Cart" time="0.0"/>
  <testcase classname="tiki.user.User_01_Checkout" name="Ckeckout_03_Add_Shopping_Address" time="0.001"/>
  <testcase classname="tiki.user.User_01_Checkout" name="Ckeckout_04_Add_Payment_Infor" time="0.0"/>
  <testcase classname="tiki.user.User_02_Order" name="Order_01_View_Order" time="0.001"/>
  <testcase classname="tiki.user.User_02_Order" name="Order_02_Edit_Order" time="0.001"/>
  <testcase classname="tiki.user.User_02_Order" name="Order_03_Edit_Shipping_Address" time="0.001"/>
  <testcase classname="tiki.user.User_02_Order" name="Order_04_Edit_Payment_Infor" time="0.001"/>
</testsuite> <!-- Test -->
