<?xml version="1.0" encoding="UTF-8"?>
<!-- Generated by org.testng.reporters.JUnitXMLReporter -->
<testsuite ignored="4" hostname="MSI" failures="0" tests="4" name="TIKI WEB" time="4.526" errors="0" timestamp="28 thg 9 2022 10:01:49 GMT">
  <testcase classname="tiki.admin.Shopper_02_Manage_Cart" name="Product_01_Create_Visa" time="0.003"/>
  <testcase classname="tiki.admin.Shopper_02_Manage_Cart" name="Product_02_View_Visa" time="0.001"/>
  <testcase classname="tiki.admin.Shopper_02_Manage_Cart" name="Product_03_Update_Visa" time="0.001"/>
  <testcase classname="tiki.admin.Shopper_02_Manage_Cart" name="Product_04_Delete_Visa" time="0.001"/>
  <testcase classname="tiki.admin.Shopper_01_Manage_Product" name="Product_03_Update_Product" time="0.0">
    <ignored/>
  </testcase> <!-- Product_03_Update_Product -->
  <testcase classname="tiki.admin.Shopper_01_Manage_Product" name="Product_04_Delete_Product" time="0.0">
    <ignored/>
  </testcase> <!-- Product_04_Delete_Product -->
  <testcase classname="tiki.admin.Shopper_01_Manage_Product" name="Product_01_Create_Product" time="0.0">
    <ignored/>
  </testcase> <!-- Product_01_Create_Product -->
  <testcase classname="tiki.admin.Shopper_01_Manage_Product" name="Product_02_View_Product" time="0.0">
    <ignored/>
  </testcase> <!-- Product_02_View_Product -->
</testsuite> <!-- TIKI WEB -->
