<?xml version="1.0" encoding="UTF-8"?>
<testng-results ignored="0" total="1" passed="1" failed="0" skipped="0">
  <reporter-output>
  </reporter-output>
  <suite started-at="2022-09-22T03:33:03Z" name="Default suite" finished-at="2022-09-22T03:33:11Z" duration-ms="7600">
    <groups>
    </groups>
    <test started-at="2022-09-22T03:33:03Z" name="Default test" finished-at="2022-09-22T03:33:11Z" duration-ms="7600">
      <class name="webdriver.topic_20_Element_Condition_Status">
        <test-method is-config="true" signature="beforeClass()[pri:0, instance:webdriver.topic_20_Element_Condition_Status@7bedc48a]" started-at="2022-09-22T03:33:03Z" name="beforeClass" finished-at="2022-09-22T03:33:08Z" duration-ms="4276" status="PASS">
          <reporter-output>
          </reporter-output>
        </test-method> <!-- beforeClass -->
        <test-method signature="TC_04_Staleness()[pri:0, instance:webdriver.topic_20_Element_Condition_Status@7bedc48a]" started-at="2022-09-22T03:33:08Z" name="TC_04_Staleness" finished-at="2022-09-22T03:33:10Z" duration-ms="2305" status="PASS">
          <reporter-output>
          </reporter-output>
        </test-method> <!-- TC_04_Staleness -->
        <test-method is-config="true" signature="afterClass()[pri:0, instance:webdriver.topic_20_Element_Condition_Status@7bedc48a]" started-at="2022-09-22T03:33:10Z" name="afterClass" finished-at="2022-09-22T03:33:11Z" duration-ms="984" status="PASS">
          <reporter-output>
          </reporter-output>
        </test-method> <!-- afterClass -->
      </class> <!-- webdriver.topic_20_Element_Condition_Status -->
    </test> <!-- Default test -->
  </suite> <!-- Default suite -->
</testng-results>
