<?xml version="1.0" encoding="UTF-8"?>
<testng-results ignored="0" total="3" passed="3" failed="0" skipped="0">
  <reporter-output>
  </reporter-output>
  <suite started-at="2022-07-30T03:45:02Z" name="Default suite" finished-at="2022-07-30T03:45:08Z" duration-ms="5614">
    <groups>
    </groups>
    <test started-at="2022-07-30T03:45:02Z" name="Default test" finished-at="2022-07-30T03:45:08Z" duration-ms="5614">
      <class name="webdriver.Topic_01_Setup_Enviroment">
        <test-method is-config="true" signature="beforeClass()[pri:0, instance:webdriver.Topic_01_Setup_Enviroment@5e5d171f]" started-at="2022-07-30T03:45:02Z" name="beforeClass" finished-at="2022-07-30T03:45:07Z" duration-ms="4679" status="PASS">
          <reporter-output>
          </reporter-output>
        </test-method> <!-- beforeClass -->
        <test-method signature="TC_01_ValidateCurrentUrl()[pri:0, instance:webdriver.Topic_01_Setup_Enviroment@5e5d171f]" started-at="2022-07-30T03:45:07Z" name="TC_01_ValidateCurrentUrl" finished-at="2022-07-30T03:45:07Z" duration-ms="15" status="PASS">
          <reporter-output>
          </reporter-output>
        </test-method> <!-- TC_01_ValidateCurrentUrl -->
        <test-method signature="TC_02_ValidatePageTitle()[pri:0, instance:webdriver.Topic_01_Setup_Enviroment@5e5d171f]" started-at="2022-07-30T03:45:07Z" name="TC_02_ValidatePageTitle" finished-at="2022-07-30T03:45:07Z" duration-ms="16" status="PASS">
          <reporter-output>
          </reporter-output>
        </test-method> <!-- TC_02_ValidatePageTitle -->
        <test-method signature="TC_03_LoginFormDisplayed()[pri:0, instance:webdriver.Topic_01_Setup_Enviroment@5e5d171f]" started-at="2022-07-30T03:45:07Z" name="TC_03_LoginFormDisplayed" finished-at="2022-07-30T03:45:07Z" duration-ms="77" status="PASS">
          <reporter-output>
          </reporter-output>
        </test-method> <!-- TC_03_LoginFormDisplayed -->
        <test-method is-config="true" signature="afterClass()[pri:0, instance:webdriver.Topic_01_Setup_Enviroment@5e5d171f]" started-at="2022-07-30T03:45:07Z" name="afterClass" finished-at="2022-07-30T03:45:08Z" duration-ms="810" status="PASS">
          <reporter-output>
          </reporter-output>
        </test-method> <!-- afterClass -->
      </class> <!-- webdriver.Topic_01_Setup_Enviroment -->
    </test> <!-- Default test -->
  </suite> <!-- Default suite -->
</testng-results>
