<?xml version="1.0" encoding="UTF-8"?>
<!-- Generated by org.testng.reporters.JUnitXMLReporter -->
<testsuite ignored="0" hostname="MSI" failures="0" tests="3" name="Run on FIREFOX" time="0.031" errors="0" timestamp="29 thg 9 2022 07:09:00 GMT">
  <testcase classname="Facebook.mobileapp.Post_01" name="TC_01" time="0.008"/>
  <testcase classname="Facebook.mobileapp.Post_01" name="TC_02" time="0.001"/>
  <testcase classname="Facebook.mobileapp.Post_01" name="TC_03" time="0.0"/>
</testsuite> <!-- Run on FIREFOX -->
